<?xml version="1.0" encoding="UTF-8"?>
<testsuite name="Scenario: Set Preferred Name" tests="5" skipped="3" failures="0" errors="0" timestamp="2017-12-20T05:11:02" hostname="Mahathis-MBP" time="0.011">
  <properties/>
  <testcase name="Given The User table has the following entry" classname="Scenario: Set Preferred Name" time="0.0"/>
  <testcase name="When set the preferred name to &quot;John Doe, first of his name, fictitious in nature, king of the unknown, bane of detectives, master of mysteries.&quot;" classname="Scenario: Set Preferred Name" time="0.001">
    <skipped/>
  </testcase>
  <testcase name="And I request the User Details API" classname="Scenario: Set Preferred Name" time="0.0">
    <skipped/>
  </testcase>
  <testcase name="Then I'll get the following user details" classname="Scenario: Set Preferred Name" time="0.001">
    <skipped/>
  </testcase>
  <testcase name="classMethod" classname="Scenario: Set Preferred Name" time="0.026"/>
  <system-out><![CDATA[2017-12-20 16:11:02.871  INFO 2465 --- [    Test worker] o.s.t.c.support.AbstractContextLoader    : Could not detect default resource locations for test class [io.swagger.samples.inflector.springboot.StepDefs]: no resource found for suffixes {-context.xml, Context.groovy}.
2017-12-20 16:11:02.876  INFO 2465 --- [    Test worker] .b.t.c.SpringBootTestContextBootstrapper : Loaded default TestExecutionListener class names from location [META-INF/spring.factories]: [org.springframework.boot.test.mock.mockito.MockitoTestExecutionListener, org.springframework.boot.test.mock.mockito.ResetMocksTestExecutionListener, org.springframework.boot.test.autoconfigure.restdocs.RestDocsTestExecutionListener, org.springframework.boot.test.autoconfigure.web.client.MockRestServiceServerResetTestExecutionListener, org.springframework.boot.test.autoconfigure.web.servlet.MockMvcPrintOnlyOnFailureTestExecutionListener, org.springframework.boot.test.autoconfigure.web.servlet.WebDriverTestExecutionListener, org.springframework.test.context.web.ServletTestExecutionListener, org.springframework.test.context.support.DirtiesContextBeforeModesTestExecutionListener, org.springframework.test.context.support.DependencyInjectionTestExecutionListener, org.springframework.test.context.support.DirtiesContextTestExecutionListener, org.springframework.test.context.transaction.TransactionalTestExecutionListener, org.springframework.test.context.jdbc.SqlScriptsTestExecutionListener]
2017-12-20 16:11:02.878  INFO 2465 --- [    Test worker] .b.t.c.SpringBootTestContextBootstrapper : Using TestExecutionListeners: [org.springframework.test.context.web.ServletTestExecutionListener@b5c877a, org.springframework.test.context.support.DirtiesContextBeforeModesTestExecutionListener@19fcfd8d, org.springframework.boot.test.autoconfigure.SpringBootDependencyInjectionTestExecutionListener@74368744, org.springframework.test.context.support.DirtiesContextTestExecutionListener@413b68d7, org.springframework.test.context.transaction.TransactionalTestExecutionListener@2eb340dd, org.springframework.test.context.jdbc.SqlScriptsTestExecutionListener@50ddc013, org.springframework.boot.test.autoconfigure.web.client.MockRestServiceServerResetTestExecutionListener@109161eb, org.springframework.boot.test.autoconfigure.restdocs.RestDocsTestExecutionListener@af6cefe, org.springframework.boot.test.mock.mockito.MockitoTestExecutionListener@3ef7d2d5, org.springframework.boot.test.autoconfigure.web.servlet.MockMvcPrintOnlyOnFailureTestExecutionListener@944040, org.springframework.boot.test.autoconfigure.web.servlet.WebDriverTestExecutionListener@1b91e780, org.springframework.boot.test.mock.mockito.ResetMocksTestExecutionListener@27ac4b32]
2017-12-20 16:11:02.879  INFO 2465 --- [    Test worker] o.s.b.f.s.DefaultListableBeanFactory     : Replacing scope 'cucumber-glue' from [cucumber.runtime.java.spring.GlueCodeScope@393413c0] to [cucumber.runtime.java.spring.GlueCodeScope@5f98691]
2017-12-20 16:11:02.884  INFO 2465 --- [    Test worker] h2database                               : jdbc[12] 
/*SQL #:1*/insert into UserDetails values( 'DoB','null');
]]></system-out>
  <system-err><![CDATA[]]></system-err>
</testsuite>
