<?xml version="1.0" encoding="UTF-8"?>
<testsuite name="Scenario: Get User Details" tests="4" skipped="1" failures="0" errors="0" timestamp="2017-12-20T05:11:02" hostname="Mahathis-MBP" time="0.004">
  <properties/>
  <testcase name="Given The User table has the following entry" classname="Scenario: Get User Details" time="0.0"/>
  <testcase name="When I request the User Details API" classname="Scenario: Get User Details" time="0.0"/>
  <testcase name="Then I'll get the following user details" classname="Scenario: Get User Details" time="0.0">
    <skipped/>
  </testcase>
  <testcase name="classMethod" classname="Scenario: Get User Details" time="0.313"/>
  <system-out><![CDATA[2017-12-20 16:11:02.557  INFO 2465 --- [    Test worker] o.s.t.c.support.AbstractContextLoader    : Could not detect default resource locations for test class [io.swagger.samples.inflector.springboot.StepDefs]: no resource found for suffixes {-context.xml, Context.groovy}.
2017-12-20 16:11:02.563  INFO 2465 --- [    Test worker] .b.t.c.SpringBootTestContextBootstrapper : Loaded default TestExecutionListener class names from location [META-INF/spring.factories]: [org.springframework.boot.test.mock.mockito.MockitoTestExecutionListener, org.springframework.boot.test.mock.mockito.ResetMocksTestExecutionListener, org.springframework.boot.test.autoconfigure.restdocs.RestDocsTestExecutionListener, org.springframework.boot.test.autoconfigure.web.client.MockRestServiceServerResetTestExecutionListener, org.springframework.boot.test.autoconfigure.web.servlet.MockMvcPrintOnlyOnFailureTestExecutionListener, org.springframework.boot.test.autoconfigure.web.servlet.WebDriverTestExecutionListener, org.springframework.test.context.web.ServletTestExecutionListener, org.springframework.test.context.support.DirtiesContextBeforeModesTestExecutionListener, org.springframework.test.context.support.DependencyInjectionTestExecutionListener, org.springframework.test.context.support.DirtiesContextTestExecutionListener, org.springframework.test.context.transaction.TransactionalTestExecutionListener, org.springframework.test.context.jdbc.SqlScriptsTestExecutionListener]
2017-12-20 16:11:02.566  INFO 2465 --- [    Test worker] .b.t.c.SpringBootTestContextBootstrapper : Using TestExecutionListeners: [org.springframework.test.context.web.ServletTestExecutionListener@76f68879, org.springframework.test.context.support.DirtiesContextBeforeModesTestExecutionListener@174cae57, org.springframework.boot.test.autoconfigure.SpringBootDependencyInjectionTestExecutionListener@5a730be4, org.springframework.test.context.support.DirtiesContextTestExecutionListener@5f6abb2d, org.springframework.test.context.transaction.TransactionalTestExecutionListener@1d9d55f9, org.springframework.test.context.jdbc.SqlScriptsTestExecutionListener@6f516e0b, org.springframework.boot.test.autoconfigure.web.client.MockRestServiceServerResetTestExecutionListener@2dbf642e, org.springframework.boot.test.autoconfigure.restdocs.RestDocsTestExecutionListener@27861167, org.springframework.boot.test.mock.mockito.MockitoTestExecutionListener@50c3baf3, org.springframework.boot.test.autoconfigure.web.servlet.MockMvcPrintOnlyOnFailureTestExecutionListener@3406a7d6, org.springframework.boot.test.autoconfigure.web.servlet.WebDriverTestExecutionListener@62ce3b6c, org.springframework.boot.test.mock.mockito.ResetMocksTestExecutionListener@75d4037b]
2017-12-20 16:11:02.567  INFO 2465 --- [    Test worker] o.s.b.f.s.DefaultListableBeanFactory     : Replacing scope 'cucumber-glue' from [cucumber.runtime.java.spring.GlueCodeScope@5ea2d504] to [cucumber.runtime.java.spring.GlueCodeScope@393413c0]
2017-12-20 16:11:02.821  INFO 2465 --- [    Test worker] h2database                               : jdbc[3] 
/*SQL #:1 t:22*/RUNSCRIPT FROM 'classpath:sql/create.sql';
2017-12-20 16:11:02.822  INFO 2465 --- [    Test worker] h2database                               : jdbc[3] 
/**/Connection conn0 = DriverManager.getConnection("jdbc:h2:mem:test_db;DB_CLOSE_ON_EXIT=FALSE;TRACE_LEVEL_FILE=4;DATABASE_TO_UPPER=FALSE;INIT=RUNSCRIPT FROM 'classpath:sql/create.sql'", "SA", "");
2017-12-20 16:11:02.824  INFO 2465 --- [    Test worker] h2database                               : jdbc[4] 
/*SQL */SET TRACE_LEVEL_FILE 4;
2017-12-20 16:11:02.825  INFO 2465 --- [    Test worker] h2database                               : jdbc[4] 
/*SQL #:1*/RUNSCRIPT FROM 'classpath:sql/create.sql';
2017-12-20 16:11:02.825  INFO 2465 --- [    Test worker] h2database                               : jdbc[4] 
/**/Connection conn1 = DriverManager.getConnection("jdbc:h2:mem:test_db;DB_CLOSE_ON_EXIT=FALSE;TRACE_LEVEL_FILE=4;DATABASE_TO_UPPER=FALSE;INIT=RUNSCRIPT FROM 'classpath:sql/create.sql'", "SA", "");
2017-12-20 16:11:02.826  INFO 2465 --- [    Test worker] h2database                               : jdbc[5] 
/*SQL */SET TRACE_LEVEL_FILE 4;
2017-12-20 16:11:02.827  INFO 2465 --- [    Test worker] h2database                               : jdbc[5] 
/*SQL #:1*/RUNSCRIPT FROM 'classpath:sql/create.sql';
2017-12-20 16:11:02.828  INFO 2465 --- [    Test worker] h2database                               : jdbc[5] 
/**/Connection conn2 = DriverManager.getConnection("jdbc:h2:mem:test_db;DB_CLOSE_ON_EXIT=FALSE;TRACE_LEVEL_FILE=4;DATABASE_TO_UPPER=FALSE;INIT=RUNSCRIPT FROM 'classpath:sql/create.sql'", "SA", "");
2017-12-20 16:11:02.829  INFO 2465 --- [    Test worker] h2database                               : jdbc[6] 
/*SQL */SET TRACE_LEVEL_FILE 4;
2017-12-20 16:11:02.831  INFO 2465 --- [    Test worker] h2database                               : jdbc[6] 
/*SQL #:1*/RUNSCRIPT FROM 'classpath:sql/create.sql';
2017-12-20 16:11:02.831  INFO 2465 --- [    Test worker] h2database                               : jdbc[6] 
/**/Connection conn3 = DriverManager.getConnection("jdbc:h2:mem:test_db;DB_CLOSE_ON_EXIT=FALSE;TRACE_LEVEL_FILE=4;DATABASE_TO_UPPER=FALSE;INIT=RUNSCRIPT FROM 'classpath:sql/create.sql'", "SA", "");
2017-12-20 16:11:02.832  INFO 2465 --- [    Test worker] h2database                               : jdbc[7] 
/*SQL */SET TRACE_LEVEL_FILE 4;
2017-12-20 16:11:02.834  INFO 2465 --- [    Test worker] h2database                               : jdbc[7] 
/*SQL #:1*/RUNSCRIPT FROM 'classpath:sql/create.sql';
2017-12-20 16:11:02.834  INFO 2465 --- [    Test worker] h2database                               : jdbc[7] 
/**/Connection conn4 = DriverManager.getConnection("jdbc:h2:mem:test_db;DB_CLOSE_ON_EXIT=FALSE;TRACE_LEVEL_FILE=4;DATABASE_TO_UPPER=FALSE;INIT=RUNSCRIPT FROM 'classpath:sql/create.sql'", "SA", "");
2017-12-20 16:11:02.836  INFO 2465 --- [    Test worker] h2database                               : jdbc[8] 
/*SQL */SET TRACE_LEVEL_FILE 4;
2017-12-20 16:11:02.837  INFO 2465 --- [    Test worker] h2database                               : jdbc[8] 
/*SQL #:1*/RUNSCRIPT FROM 'classpath:sql/create.sql';
2017-12-20 16:11:02.838  INFO 2465 --- [    Test worker] h2database                               : jdbc[8] 
/**/Connection conn5 = DriverManager.getConnection("jdbc:h2:mem:test_db;DB_CLOSE_ON_EXIT=FALSE;TRACE_LEVEL_FILE=4;DATABASE_TO_UPPER=FALSE;INIT=RUNSCRIPT FROM 'classpath:sql/create.sql'", "SA", "");
2017-12-20 16:11:02.840  INFO 2465 --- [    Test worker] h2database                               : jdbc[9] 
/*SQL */SET TRACE_LEVEL_FILE 4;
2017-12-20 16:11:02.842  INFO 2465 --- [    Test worker] h2database                               : jdbc[9] 
/*SQL #:1*/RUNSCRIPT FROM 'classpath:sql/create.sql';
2017-12-20 16:11:02.842  INFO 2465 --- [    Test worker] h2database                               : jdbc[9] 
/**/Connection conn6 = DriverManager.getConnection("jdbc:h2:mem:test_db;DB_CLOSE_ON_EXIT=FALSE;TRACE_LEVEL_FILE=4;DATABASE_TO_UPPER=FALSE;INIT=RUNSCRIPT FROM 'classpath:sql/create.sql'", "SA", "");
2017-12-20 16:11:02.844  INFO 2465 --- [    Test worker] h2database                               : jdbc[10] 
/*SQL */SET TRACE_LEVEL_FILE 4;
2017-12-20 16:11:02.845  INFO 2465 --- [    Test worker] h2database                               : jdbc[10] 
/*SQL #:1 t:1*/RUNSCRIPT FROM 'classpath:sql/create.sql';
2017-12-20 16:11:02.846  INFO 2465 --- [    Test worker] h2database                               : jdbc[10] 
/**/Connection conn7 = DriverManager.getConnection("jdbc:h2:mem:test_db;DB_CLOSE_ON_EXIT=FALSE;TRACE_LEVEL_FILE=4;DATABASE_TO_UPPER=FALSE;INIT=RUNSCRIPT FROM 'classpath:sql/create.sql'", "SA", "");
2017-12-20 16:11:02.847  INFO 2465 --- [    Test worker] h2database                               : jdbc[11] 
/*SQL */SET TRACE_LEVEL_FILE 4;
2017-12-20 16:11:02.848  INFO 2465 --- [    Test worker] h2database                               : jdbc[11] 
/*SQL #:1*/RUNSCRIPT FROM 'classpath:sql/create.sql';
2017-12-20 16:11:02.849  INFO 2465 --- [    Test worker] h2database                               : jdbc[11] 
/**/Connection conn8 = DriverManager.getConnection("jdbc:h2:mem:test_db;DB_CLOSE_ON_EXIT=FALSE;TRACE_LEVEL_FILE=4;DATABASE_TO_UPPER=FALSE;INIT=RUNSCRIPT FROM 'classpath:sql/create.sql'", "SA", "");
2017-12-20 16:11:02.850  INFO 2465 --- [    Test worker] h2database                               : jdbc[12] 
/*SQL */SET TRACE_LEVEL_FILE 4;
2017-12-20 16:11:02.851  INFO 2465 --- [    Test worker] h2database                               : jdbc[12] 
/*SQL #:1*/RUNSCRIPT FROM 'classpath:sql/create.sql';
2017-12-20 16:11:02.852  INFO 2465 --- [    Test worker] h2database                               : jdbc[12] 
/**/Connection conn9 = DriverManager.getConnection("jdbc:h2:mem:test_db;DB_CLOSE_ON_EXIT=FALSE;TRACE_LEVEL_FILE=4;DATABASE_TO_UPPER=FALSE;INIT=RUNSCRIPT FROM 'classpath:sql/create.sql'", "SA", "");
2017-12-20 16:11:02.861  INFO 2465 --- [    Test worker] h2database                               : jdbc[12] 
/*SQL #:1*/insert into UserDetails values( 'Doe, John','01/Jan/1768');
]]></system-out>
  <system-err><![CDATA[]]></system-err>
</testsuite>
