<?xml version="1.0" encoding="UTF-8"?>
<testsuite name="Scenario: Get Root" tests="3" skipped="0" failures="0" errors="0" timestamp="2017-12-20T05:11:02" hostname="Mahathis-MBP" time="0.024">
  <properties/>
  <testcase name="When I request the root API" classname="Scenario: Get Root" time="0.001"/>
  <testcase name="Then I'll get links to the following endpoints" classname="Scenario: Get Root" time="0.0"/>
  <testcase name="classMethod" classname="Scenario: Get Root" time="0.042"/>
  <system-out><![CDATA[2017-12-20 16:11:02.515  INFO 2465 --- [    Test worker] o.s.t.c.support.AbstractContextLoader    : Could not detect default resource locations for test class [io.swagger.samples.inflector.springboot.StepDefs]: no resource found for suffixes {-context.xml, Context.groovy}.
2017-12-20 16:11:02.522  INFO 2465 --- [    Test worker] .b.t.c.SpringBootTestContextBootstrapper : Loaded default TestExecutionListener class names from location [META-INF/spring.factories]: [org.springframework.boot.test.mock.mockito.MockitoTestExecutionListener, org.springframework.boot.test.mock.mockito.ResetMocksTestExecutionListener, org.springframework.boot.test.autoconfigure.restdocs.RestDocsTestExecutionListener, org.springframework.boot.test.autoconfigure.web.client.MockRestServiceServerResetTestExecutionListener, org.springframework.boot.test.autoconfigure.web.servlet.MockMvcPrintOnlyOnFailureTestExecutionListener, org.springframework.boot.test.autoconfigure.web.servlet.WebDriverTestExecutionListener, org.springframework.test.context.web.ServletTestExecutionListener, org.springframework.test.context.support.DirtiesContextBeforeModesTestExecutionListener, org.springframework.test.context.support.DependencyInjectionTestExecutionListener, org.springframework.test.context.support.DirtiesContextTestExecutionListener, org.springframework.test.context.transaction.TransactionalTestExecutionListener, org.springframework.test.context.jdbc.SqlScriptsTestExecutionListener]
2017-12-20 16:11:02.526  INFO 2465 --- [    Test worker] .b.t.c.SpringBootTestContextBootstrapper : Using TestExecutionListeners: [org.springframework.test.context.web.ServletTestExecutionListener@59f1b3f5, org.springframework.test.context.support.DirtiesContextBeforeModesTestExecutionListener@11ad77e6, org.springframework.boot.test.autoconfigure.SpringBootDependencyInjectionTestExecutionListener@2b30bc05, org.springframework.test.context.support.DirtiesContextTestExecutionListener@6dfde794, org.springframework.test.context.transaction.TransactionalTestExecutionListener@39c78fc5, org.springframework.test.context.jdbc.SqlScriptsTestExecutionListener@432fcd5c, org.springframework.boot.test.autoconfigure.web.client.MockRestServiceServerResetTestExecutionListener@6d5181a8, org.springframework.boot.test.autoconfigure.restdocs.RestDocsTestExecutionListener@6f921ad1, org.springframework.boot.test.mock.mockito.MockitoTestExecutionListener@6aae1941, org.springframework.boot.test.autoconfigure.web.servlet.MockMvcPrintOnlyOnFailureTestExecutionListener@57d67c65, org.springframework.boot.test.autoconfigure.web.servlet.WebDriverTestExecutionListener@36ebebf6, org.springframework.boot.test.mock.mockito.ResetMocksTestExecutionListener@49d03b68]
2017-12-20 16:11:02.527  INFO 2465 --- [    Test worker] o.s.b.f.s.DefaultListableBeanFactory     : Replacing scope 'cucumber-glue' from [cucumber.runtime.java.spring.GlueCodeScope@377f2c46] to [cucumber.runtime.java.spring.GlueCodeScope@5ea2d504]
]]></system-out>
  <system-err><![CDATA[]]></system-err>
</testsuite>
