<?xml version="1.0" encoding="UTF-8"?>
<testsuite name="Scenario: Set Preferred Name" tests="5" skipped="3" failures="0" errors="0" timestamp="2017-12-20T05:11:15" hostname="Mahathis-MBP" time="0.007">
  <properties/>
  <testcase name="Given The User table has the following entry" classname="Scenario: Set Preferred Name" time="0.0"/>
  <testcase name="When set the preferred name to &quot;John Doe, first of his name, fictitious in nature, king of the unknown, bane of detectives, master of mysteries.&quot;" classname="Scenario: Set Preferred Name" time="0.001">
    <skipped/>
  </testcase>
  <testcase name="And I request the User Details API" classname="Scenario: Set Preferred Name" time="0.0">
    <skipped/>
  </testcase>
  <testcase name="Then I'll get the following user details" classname="Scenario: Set Preferred Name" time="0.0">
    <skipped/>
  </testcase>
  <testcase name="classMethod" classname="Scenario: Set Preferred Name" time="0.023"/>
  <system-out><![CDATA[2017-12-20 16:11:15.127  INFO 2467 --- [    Test worker] o.s.t.c.support.AbstractContextLoader    : Could not detect default resource locations for test class [io.swagger.samples.inflector.springboot.StepDefs]: no resource found for suffixes {-context.xml, Context.groovy}.
2017-12-20 16:11:15.134  INFO 2467 --- [    Test worker] .b.t.c.SpringBootTestContextBootstrapper : Loaded default TestExecutionListener class names from location [META-INF/spring.factories]: [org.springframework.boot.test.mock.mockito.MockitoTestExecutionListener, org.springframework.boot.test.mock.mockito.ResetMocksTestExecutionListener, org.springframework.boot.test.autoconfigure.restdocs.RestDocsTestExecutionListener, org.springframework.boot.test.autoconfigure.web.client.MockRestServiceServerResetTestExecutionListener, org.springframework.boot.test.autoconfigure.web.servlet.MockMvcPrintOnlyOnFailureTestExecutionListener, org.springframework.boot.test.autoconfigure.web.servlet.WebDriverTestExecutionListener, org.springframework.test.context.web.ServletTestExecutionListener, org.springframework.test.context.support.DirtiesContextBeforeModesTestExecutionListener, org.springframework.test.context.support.DependencyInjectionTestExecutionListener, org.springframework.test.context.support.DirtiesContextTestExecutionListener, org.springframework.test.context.transaction.TransactionalTestExecutionListener, org.springframework.test.context.jdbc.SqlScriptsTestExecutionListener]
2017-12-20 16:11:15.136  INFO 2467 --- [    Test worker] .b.t.c.SpringBootTestContextBootstrapper : Using TestExecutionListeners: [org.springframework.test.context.web.ServletTestExecutionListener@432bb2c9, org.springframework.test.context.support.DirtiesContextBeforeModesTestExecutionListener@39751308, org.springframework.boot.test.autoconfigure.SpringBootDependencyInjectionTestExecutionListener@23bc71ad, org.springframework.test.context.support.DirtiesContextTestExecutionListener@2176f85, org.springframework.test.context.transaction.TransactionalTestExecutionListener@1c3428f4, org.springframework.test.context.jdbc.SqlScriptsTestExecutionListener@dc88529, org.springframework.boot.test.autoconfigure.web.client.MockRestServiceServerResetTestExecutionListener@4db9bc24, org.springframework.boot.test.mock.mockito.ResetMocksTestExecutionListener@746b8951, org.springframework.boot.test.autoconfigure.web.servlet.MockMvcPrintOnlyOnFailureTestExecutionListener@49257ca0, org.springframework.boot.test.mock.mockito.MockitoTestExecutionListener@d5960, org.springframework.boot.test.autoconfigure.restdocs.RestDocsTestExecutionListener@558dd9, org.springframework.boot.test.autoconfigure.web.servlet.WebDriverTestExecutionListener@285cbd83]
2017-12-20 16:11:15.136  INFO 2467 --- [    Test worker] o.s.b.f.s.DefaultListableBeanFactory     : Replacing scope 'cucumber-glue' from [cucumber.runtime.java.spring.GlueCodeScope@7dd33f63] to [cucumber.runtime.java.spring.GlueCodeScope@20d29232]
2017-12-20 16:11:15.141  INFO 2467 --- [    Test worker] h2database                               : jdbc[12] 
/*SQL #:1*/insert into UserDetails values( 'DoB','null');
]]></system-out>
  <system-err><![CDATA[]]></system-err>
</testsuite>
