<?xml version="1.0" encoding="UTF-8"?>
<testsuite name="Scenario: Get Root" tests="3" skipped="0" failures="0" errors="0" timestamp="2017-12-20T05:11:14" hostname="Mahathis-MBP" time="0.019">
  <properties/>
  <testcase name="When I request the root API" classname="Scenario: Get Root" time="0.0"/>
  <testcase name="Then I'll get links to the following endpoints" classname="Scenario: Get Root" time="0.0"/>
  <testcase name="classMethod" classname="Scenario: Get Root" time="0.049"/>
  <system-out><![CDATA[2017-12-20 16:11:14.338  INFO 2467 --- [    Test worker] o.s.t.c.support.AbstractContextLoader    : Could not detect default resource locations for test class [io.swagger.samples.inflector.springboot.StepDefs]: no resource found for suffixes {-context.xml, Context.groovy}.
2017-12-20 16:11:14.347  INFO 2467 --- [    Test worker] .b.t.c.SpringBootTestContextBootstrapper : Loaded default TestExecutionListener class names from location [META-INF/spring.factories]: [org.springframework.boot.test.mock.mockito.MockitoTestExecutionListener, org.springframework.boot.test.mock.mockito.ResetMocksTestExecutionListener, org.springframework.boot.test.autoconfigure.restdocs.RestDocsTestExecutionListener, org.springframework.boot.test.autoconfigure.web.client.MockRestServiceServerResetTestExecutionListener, org.springframework.boot.test.autoconfigure.web.servlet.MockMvcPrintOnlyOnFailureTestExecutionListener, org.springframework.boot.test.autoconfigure.web.servlet.WebDriverTestExecutionListener, org.springframework.test.context.web.ServletTestExecutionListener, org.springframework.test.context.support.DirtiesContextBeforeModesTestExecutionListener, org.springframework.test.context.support.DependencyInjectionTestExecutionListener, org.springframework.test.context.support.DirtiesContextTestExecutionListener, org.springframework.test.context.transaction.TransactionalTestExecutionListener, org.springframework.test.context.jdbc.SqlScriptsTestExecutionListener]
2017-12-20 16:11:14.350  INFO 2467 --- [    Test worker] .b.t.c.SpringBootTestContextBootstrapper : Using TestExecutionListeners: [org.springframework.test.context.web.ServletTestExecutionListener@1e3d7b89, org.springframework.test.context.support.DirtiesContextBeforeModesTestExecutionListener@17dd950d, org.springframework.boot.test.autoconfigure.SpringBootDependencyInjectionTestExecutionListener@43cdd046, org.springframework.test.context.support.DirtiesContextTestExecutionListener@6c7d63c, org.springframework.test.context.transaction.TransactionalTestExecutionListener@7353045e, org.springframework.test.context.jdbc.SqlScriptsTestExecutionListener@8dd82c4, org.springframework.boot.test.autoconfigure.web.client.MockRestServiceServerResetTestExecutionListener@25bf3c79, org.springframework.boot.test.mock.mockito.ResetMocksTestExecutionListener@1df168c4, org.springframework.boot.test.autoconfigure.web.servlet.MockMvcPrintOnlyOnFailureTestExecutionListener@766bfed0, org.springframework.boot.test.mock.mockito.MockitoTestExecutionListener@12c4997b, org.springframework.boot.test.autoconfigure.restdocs.RestDocsTestExecutionListener@4ec433ae, org.springframework.boot.test.autoconfigure.web.servlet.WebDriverTestExecutionListener@5865c5fa]
2017-12-20 16:11:14.353  INFO 2467 --- [    Test worker] o.s.b.f.s.DefaultListableBeanFactory     : Replacing scope 'cucumber-glue' from [cucumber.runtime.java.spring.GlueCodeScope@47e86d58] to [cucumber.runtime.java.spring.GlueCodeScope@28de7f48]
2017-12-20 16:11:14.362  INFO 2467 --- [nio-8080-exec-3] i.s.i.c.SwaggerOperationController       : calling method public io.swagger.inflector.models.ResponseContext io.swagger.samples.inflector.springboot.controllers.Default.getApiRoot(io.swagger.inflector.models.RequestContext) on controller io.swagger.samples.inflector.springboot.controllers.Default@6fe0e1a5 with args [io.swagger.inflector.models.RequestContext@68c8688a]
]]></system-out>
  <system-err><![CDATA[]]></system-err>
</testsuite>
