<?xml version="1.0" encoding="UTF-8"?>
<testsuite name="Scenario: Get User Details" tests="4" skipped="2" failures="0" errors="0" timestamp="2017-12-20T05:11:14" hostname="Mahathis-MBP" time="0.172">
  <properties/>
  <testcase name="Given The User table has the following entry" classname="Scenario: Get User Details" time="0.0"/>
  <testcase name="When I request the User Details API" classname="Scenario: Get User Details" time="0.001">
    <skipped/>
  </testcase>
  <testcase name="Then I'll get the following user details" classname="Scenario: Get User Details" time="0.0">
    <skipped/>
  </testcase>
  <testcase name="classMethod" classname="Scenario: Get User Details" time="0.74"/>
  <system-out><![CDATA[2017-12-20 16:11:14.387  INFO 2467 --- [    Test worker] o.s.t.c.support.AbstractContextLoader    : Could not detect default resource locations for test class [io.swagger.samples.inflector.springboot.StepDefs]: no resource found for suffixes {-context.xml, Context.groovy}.
2017-12-20 16:11:14.395  INFO 2467 --- [    Test worker] .b.t.c.SpringBootTestContextBootstrapper : Loaded default TestExecutionListener class names from location [META-INF/spring.factories]: [org.springframework.boot.test.mock.mockito.MockitoTestExecutionListener, org.springframework.boot.test.mock.mockito.ResetMocksTestExecutionListener, org.springframework.boot.test.autoconfigure.restdocs.RestDocsTestExecutionListener, org.springframework.boot.test.autoconfigure.web.client.MockRestServiceServerResetTestExecutionListener, org.springframework.boot.test.autoconfigure.web.servlet.MockMvcPrintOnlyOnFailureTestExecutionListener, org.springframework.boot.test.autoconfigure.web.servlet.WebDriverTestExecutionListener, org.springframework.test.context.web.ServletTestExecutionListener, org.springframework.test.context.support.DirtiesContextBeforeModesTestExecutionListener, org.springframework.test.context.support.DependencyInjectionTestExecutionListener, org.springframework.test.context.support.DirtiesContextTestExecutionListener, org.springframework.test.context.transaction.TransactionalTestExecutionListener, org.springframework.test.context.jdbc.SqlScriptsTestExecutionListener]
2017-12-20 16:11:14.398  INFO 2467 --- [    Test worker] .b.t.c.SpringBootTestContextBootstrapper : Using TestExecutionListeners: [org.springframework.test.context.web.ServletTestExecutionListener@3c2c7383, org.springframework.test.context.support.DirtiesContextBeforeModesTestExecutionListener@3acc328a, org.springframework.boot.test.autoconfigure.SpringBootDependencyInjectionTestExecutionListener@57df73fe, org.springframework.test.context.support.DirtiesContextTestExecutionListener@6586a769, org.springframework.test.context.transaction.TransactionalTestExecutionListener@3a696031, org.springframework.test.context.jdbc.SqlScriptsTestExecutionListener@61ea4d94, org.springframework.boot.test.autoconfigure.web.client.MockRestServiceServerResetTestExecutionListener@4d8682d4, org.springframework.boot.test.mock.mockito.ResetMocksTestExecutionListener@1debd9e2, org.springframework.boot.test.autoconfigure.web.servlet.MockMvcPrintOnlyOnFailureTestExecutionListener@6c724a86, org.springframework.boot.test.mock.mockito.MockitoTestExecutionListener@5fc72c71, org.springframework.boot.test.autoconfigure.restdocs.RestDocsTestExecutionListener@262e957f, org.springframework.boot.test.autoconfigure.web.servlet.WebDriverTestExecutionListener@65c97c91]
2017-12-20 16:11:14.399  INFO 2467 --- [    Test worker] o.s.b.f.s.DefaultListableBeanFactory     : Replacing scope 'cucumber-glue' from [cucumber.runtime.java.spring.GlueCodeScope@28de7f48] to [cucumber.runtime.java.spring.GlueCodeScope@7dd33f63]
2017-12-20 16:11:14.912  INFO 2467 --- [    Test worker] h2database                               : jdbc[3] 
/*SQL #:1 t:31*/RUNSCRIPT FROM 'classpath:sql/create.sql';
2017-12-20 16:11:14.912  INFO 2467 --- [    Test worker] h2database                               : jdbc[3] 
/**/Connection conn0 = DriverManager.getConnection("jdbc:h2:mem:test_db;DB_CLOSE_ON_EXIT=FALSE;TRACE_LEVEL_FILE=4;DATABASE_TO_UPPER=FALSE;INIT=RUNSCRIPT FROM 'classpath:sql/create.sql'", "SA", "");
2017-12-20 16:11:14.914  INFO 2467 --- [    Test worker] h2database                               : jdbc[4] 
/*SQL */SET TRACE_LEVEL_FILE 4;
2017-12-20 16:11:14.915  INFO 2467 --- [    Test worker] h2database                               : jdbc[4] 
/*SQL #:1*/RUNSCRIPT FROM 'classpath:sql/create.sql';
2017-12-20 16:11:14.916  INFO 2467 --- [    Test worker] h2database                               : jdbc[4] 
/**/Connection conn1 = DriverManager.getConnection("jdbc:h2:mem:test_db;DB_CLOSE_ON_EXIT=FALSE;TRACE_LEVEL_FILE=4;DATABASE_TO_UPPER=FALSE;INIT=RUNSCRIPT FROM 'classpath:sql/create.sql'", "SA", "");
2017-12-20 16:11:14.917  INFO 2467 --- [    Test worker] h2database                               : jdbc[5] 
/*SQL */SET TRACE_LEVEL_FILE 4;
2017-12-20 16:11:14.918  INFO 2467 --- [    Test worker] h2database                               : jdbc[5] 
/*SQL #:1*/RUNSCRIPT FROM 'classpath:sql/create.sql';
2017-12-20 16:11:14.918  INFO 2467 --- [    Test worker] h2database                               : jdbc[5] 
/**/Connection conn2 = DriverManager.getConnection("jdbc:h2:mem:test_db;DB_CLOSE_ON_EXIT=FALSE;TRACE_LEVEL_FILE=4;DATABASE_TO_UPPER=FALSE;INIT=RUNSCRIPT FROM 'classpath:sql/create.sql'", "SA", "");
2017-12-20 16:11:14.919  INFO 2467 --- [    Test worker] h2database                               : jdbc[6] 
/*SQL */SET TRACE_LEVEL_FILE 4;
2017-12-20 16:11:14.920  INFO 2467 --- [    Test worker] h2database                               : jdbc[6] 
/*SQL #:1*/RUNSCRIPT FROM 'classpath:sql/create.sql';
2017-12-20 16:11:14.920  INFO 2467 --- [    Test worker] h2database                               : jdbc[6] 
/**/Connection conn3 = DriverManager.getConnection("jdbc:h2:mem:test_db;DB_CLOSE_ON_EXIT=FALSE;TRACE_LEVEL_FILE=4;DATABASE_TO_UPPER=FALSE;INIT=RUNSCRIPT FROM 'classpath:sql/create.sql'", "SA", "");
2017-12-20 16:11:14.921  INFO 2467 --- [    Test worker] h2database                               : jdbc[7] 
/*SQL */SET TRACE_LEVEL_FILE 4;
2017-12-20 16:11:14.922  INFO 2467 --- [    Test worker] h2database                               : jdbc[7] 
/*SQL #:1*/RUNSCRIPT FROM 'classpath:sql/create.sql';
2017-12-20 16:11:14.922  INFO 2467 --- [    Test worker] h2database                               : jdbc[7] 
/**/Connection conn4 = DriverManager.getConnection("jdbc:h2:mem:test_db;DB_CLOSE_ON_EXIT=FALSE;TRACE_LEVEL_FILE=4;DATABASE_TO_UPPER=FALSE;INIT=RUNSCRIPT FROM 'classpath:sql/create.sql'", "SA", "");
2017-12-20 16:11:14.923  INFO 2467 --- [    Test worker] h2database                               : jdbc[8] 
/*SQL */SET TRACE_LEVEL_FILE 4;
2017-12-20 16:11:14.925  INFO 2467 --- [    Test worker] h2database                               : jdbc[8] 
/*SQL #:1*/RUNSCRIPT FROM 'classpath:sql/create.sql';
2017-12-20 16:11:14.925  INFO 2467 --- [    Test worker] h2database                               : jdbc[8] 
/**/Connection conn5 = DriverManager.getConnection("jdbc:h2:mem:test_db;DB_CLOSE_ON_EXIT=FALSE;TRACE_LEVEL_FILE=4;DATABASE_TO_UPPER=FALSE;INIT=RUNSCRIPT FROM 'classpath:sql/create.sql'", "SA", "");
2017-12-20 16:11:14.926  INFO 2467 --- [    Test worker] h2database                               : jdbc[9] 
/*SQL */SET TRACE_LEVEL_FILE 4;
2017-12-20 16:11:14.927  INFO 2467 --- [    Test worker] h2database                               : jdbc[9] 
/*SQL #:1*/RUNSCRIPT FROM 'classpath:sql/create.sql';
2017-12-20 16:11:14.927  INFO 2467 --- [    Test worker] h2database                               : jdbc[9] 
/**/Connection conn6 = DriverManager.getConnection("jdbc:h2:mem:test_db;DB_CLOSE_ON_EXIT=FALSE;TRACE_LEVEL_FILE=4;DATABASE_TO_UPPER=FALSE;INIT=RUNSCRIPT FROM 'classpath:sql/create.sql'", "SA", "");
2017-12-20 16:11:14.928  INFO 2467 --- [    Test worker] h2database                               : jdbc[10] 
/*SQL */SET TRACE_LEVEL_FILE 4;
2017-12-20 16:11:14.930  INFO 2467 --- [    Test worker] h2database                               : jdbc[10] 
/*SQL #:1*/RUNSCRIPT FROM 'classpath:sql/create.sql';
2017-12-20 16:11:14.931  INFO 2467 --- [    Test worker] h2database                               : jdbc[10] 
/**/Connection conn7 = DriverManager.getConnection("jdbc:h2:mem:test_db;DB_CLOSE_ON_EXIT=FALSE;TRACE_LEVEL_FILE=4;DATABASE_TO_UPPER=FALSE;INIT=RUNSCRIPT FROM 'classpath:sql/create.sql'", "SA", "");
2017-12-20 16:11:14.931  INFO 2467 --- [    Test worker] h2database                               : jdbc[11] 
/*SQL */SET TRACE_LEVEL_FILE 4;
2017-12-20 16:11:14.932  INFO 2467 --- [    Test worker] h2database                               : jdbc[11] 
/*SQL #:1*/RUNSCRIPT FROM 'classpath:sql/create.sql';
2017-12-20 16:11:14.932  INFO 2467 --- [    Test worker] h2database                               : jdbc[11] 
/**/Connection conn8 = DriverManager.getConnection("jdbc:h2:mem:test_db;DB_CLOSE_ON_EXIT=FALSE;TRACE_LEVEL_FILE=4;DATABASE_TO_UPPER=FALSE;INIT=RUNSCRIPT FROM 'classpath:sql/create.sql'", "SA", "");
2017-12-20 16:11:14.933  INFO 2467 --- [    Test worker] h2database                               : jdbc[12] 
/*SQL */SET TRACE_LEVEL_FILE 4;
2017-12-20 16:11:14.935  INFO 2467 --- [    Test worker] h2database                               : jdbc[12] 
/*SQL #:1*/RUNSCRIPT FROM 'classpath:sql/create.sql';
2017-12-20 16:11:14.935  INFO 2467 --- [    Test worker] h2database                               : jdbc[12] 
/**/Connection conn9 = DriverManager.getConnection("jdbc:h2:mem:test_db;DB_CLOSE_ON_EXIT=FALSE;TRACE_LEVEL_FILE=4;DATABASE_TO_UPPER=FALSE;INIT=RUNSCRIPT FROM 'classpath:sql/create.sql'", "SA", "");
2017-12-20 16:11:14.950  INFO 2467 --- [    Test worker] h2database                               : jdbc[12] 
/*SQL #:1*/insert into UserDetails values( 'Doe, John','01/Jan/1768');
]]></system-out>
  <system-err><![CDATA[]]></system-err>
</testsuite>
